<?xml version="1.0" encoding="UTF-8"?>
<testsuite xmlns:xsi="http://www.w3.org/2001/XMLSchema-instance" xsi:noNamespaceSchemaLocation="https://maven.apache.org/surefire/maven-surefire-plugin/xsd/surefire-test-report-3.0.xsd" version="3.0" name="com.puredrive.API.runner.TestRunner" time="0.09" tests="12" errors="12" skipped="0" failures="0">
  <properties>
[...]
</properties>
  <testcase name="Base case login by installer and store token" classname="Battery registration" time="0.008">
    <error message="The step &apos;login endpoint as string&apos; and 3 other step(s) are undefined.&#10;You can implement these steps using the snippet(s) below:&#10;&#10;@Given(&quot;login endpoint as string&quot;)&#10;public void login_endpoint_as_string() {&#10;    // Write code here that turns the phrase above into concrete actions&#10;    throw new io.cucumber.java.PendingException();&#10;}&#10;@When(&quot;user send the post request with uid and psd &amp; set endpoints&quot;)&#10;public void user_send_the_post_request_with_uid_and_psd_set_endpoints() {&#10;    // Write code here that turns the phrase above into concrete actions&#10;    throw new io.cucumber.java.PendingException();&#10;}&#10;@When(&quot;validate status code of response&quot;)&#10;public void validate_status_code_of_response() {&#10;    // Write code here that turns the phrase above into concrete actions&#10;    throw new io.cucumber.java.PendingException();&#10;}&#10;@When(&quot;Set token Global&quot;)&#10;public void set_token_global() {&#10;    // Write code here that turns the phrase above into concrete actions&#10;    throw new io.cucumber.java.PendingException();&#10;}&#10;" type="io.cucumber.junit.UndefinedStepException"><![CDATA[io.cucumber.junit.UndefinedStepException: 
The step 'login endpoint as string' and 3 other step(s) are undefined.
You can implement these steps using the snippet(s) below:

@Given("login endpoint as string")
public void login_endpoint_as_string() {
    // Write code here that turns the phrase above into concrete actions
    throw new io.cucumber.java.PendingException();
}
@When("user send the post request with uid and psd & set endpoints")
public void user_send_the_post_request_with_uid_and_psd_set_endpoints() {
    // Write code here that turns the phrase above into concrete actions
    throw new io.cucumber.java.PendingException();
}
@When("validate status code of response")
public void validate_status_code_of_response() {
    // Write code here that turns the phrase above into concrete actions
    throw new io.cucumber.java.PendingException();
}
@When("Set token Global")
public void set_token_global() {
    // Write code here that turns the phrase above into concrete actions
    throw new io.cucumber.java.PendingException();
}

]]></error>
    <system-out><![CDATA[
@Battery_regi @testa
Scenario: Base case login by installer and store token             &amp#27;[90m# src/test/resources/Features/B_Registration.feature:5&amp#27;[0m
  &amp#27;[33mGiven &amp#27;[0m&amp#27;[33mlogin endpoint as string&amp#27;[0m
  &amp#27;[36mWhen &amp#27;[0m&amp#27;[36muser send the post request with uid and psd & set endpoints&amp#27;[0m
  &amp#27;[36mAnd &amp#27;[0m&amp#27;[36mvalidate status code of response&amp#27;[0m
  &amp#27;[36mWhen &amp#27;[0m&amp#27;[36mSet token Global&amp#27;[0m
]]></system-out>
  </testcase>
  <testcase name="TC_21_Validate Battery Registration new site endpoint with Blank product by Installer user" classname="Battery registration" time="0.004">
    <error message="The step &apos;send Post request with Blank product &amp; valid token&apos; and 2 other step(s) are undefined.&#10;You can implement these steps using the snippet(s) below:&#10;&#10;@Then(&quot;send Post request with Blank product &amp; valid token&quot;)&#10;public void send_post_request_with_blank_product_valid_token() {&#10;    // Write code here that turns the phrase above into concrete actions&#10;    throw new io.cucumber.java.PendingException();&#10;}&#10;@Then(&quot;validate status code of response&quot;)&#10;public void validate_status_code_of_response() {&#10;    // Write code here that turns the phrase above into concrete actions&#10;    throw new io.cucumber.java.PendingException();&#10;}&#10;@Then(&quot;validate response for Blank product&quot;)&#10;public void validate_response_for_blank_product() {&#10;    // Write code here that turns the phrase above into concrete actions&#10;    throw new io.cucumber.java.PendingException();&#10;}&#10;" type="io.cucumber.junit.UndefinedStepException"><![CDATA[io.cucumber.junit.UndefinedStepException: 
The step 'send Post request with Blank product & valid token' and 2 other step(s) are undefined.
You can implement these steps using the snippet(s) below:

@Then("send Post request with Blank product & valid token")
public void send_post_request_with_blank_product_valid_token() {
    // Write code here that turns the phrase above into concrete actions
    throw new io.cucumber.java.PendingException();
}
@Then("validate status code of response")
public void validate_status_code_of_response() {
    // Write code here that turns the phrase above into concrete actions
    throw new io.cucumber.java.PendingException();
}
@Then("validate response for Blank product")
public void validate_response_for_blank_product() {
    // Write code here that turns the phrase above into concrete actions
    throw new io.cucumber.java.PendingException();
}

]]></error>
    <system-out><![CDATA[
@Battery_regi @f11
Scenario: TC_21_Validate Battery Registration new site endpoint with Blank product by Installer user &amp#27;[90m# src/test/resources/Features/B_Registration.feature:12&amp#27;[0m
  &amp#27;[33mThen &amp#27;[0m&amp#27;[33msend Post request with Blank product & valid token&amp#27;[0m
  &amp#27;[36mAnd &amp#27;[0m&amp#27;[36mvalidate status code of response&amp#27;[0m
  &amp#27;[36mAnd &amp#27;[0m&amp#27;[36mvalidate response for Blank product&amp#27;[0m
]]></system-out>
  </testcase>
  <testcase name="TC_22_Validate Battery Registration new site endpoint with space as a product by Installer user" classname="Battery registration" time="0.004">
    <error message="The step &apos;send Post request with space as a product &amp; valid token&apos; and 2 other step(s) are undefined.&#10;You can implement these steps using the snippet(s) below:&#10;&#10;@Then(&quot;send Post request with space as a product &amp; valid token&quot;)&#10;public void send_post_request_with_space_as_a_product_valid_token() {&#10;    // Write code here that turns the phrase above into concrete actions&#10;    throw new io.cucumber.java.PendingException();&#10;}&#10;@Then(&quot;validate status code of response&quot;)&#10;public void validate_status_code_of_response() {&#10;    // Write code here that turns the phrase above into concrete actions&#10;    throw new io.cucumber.java.PendingException();&#10;}&#10;@Then(&quot;validate response for Blank product&quot;)&#10;public void validate_response_for_blank_product() {&#10;    // Write code here that turns the phrase above into concrete actions&#10;    throw new io.cucumber.java.PendingException();&#10;}&#10;" type="io.cucumber.junit.UndefinedStepException"><![CDATA[io.cucumber.junit.UndefinedStepException: 
The step 'send Post request with space as a product & valid token' and 2 other step(s) are undefined.
You can implement these steps using the snippet(s) below:

@Then("send Post request with space as a product & valid token")
public void send_post_request_with_space_as_a_product_valid_token() {
    // Write code here that turns the phrase above into concrete actions
    throw new io.cucumber.java.PendingException();
}
@Then("validate status code of response")
public void validate_status_code_of_response() {
    // Write code here that turns the phrase above into concrete actions
    throw new io.cucumber.java.PendingException();
}
@Then("validate response for Blank product")
public void validate_response_for_blank_product() {
    // Write code here that turns the phrase above into concrete actions
    throw new io.cucumber.java.PendingException();
}

]]></error>
    <system-out><![CDATA[
@Battery_regi @f22
Scenario: TC_22_Validate Battery Registration new site endpoint with space as a product by Installer user &amp#27;[90m# src/test/resources/Features/B_Registration.feature:18&amp#27;[0m
  &amp#27;[33mThen &amp#27;[0m&amp#27;[33msend Post request with space as a product & valid token&amp#27;[0m
  &amp#27;[36mAnd &amp#27;[0m&amp#27;[36mvalidate status code of response&amp#27;[0m
  &amp#27;[36mAnd &amp#27;[0m&amp#27;[36mvalidate response for Blank product&amp#27;[0m
]]></system-out>
  </testcase>
  <testcase name="TC_23_Validate Battery Registration new site endpoint with space in a product by Installer user" classname="Battery registration" time="0.006">
    <error message="The step &apos;send Post request with space in a product &amp; valid token&apos; and 2 other step(s) are undefined.&#10;You can implement these steps using the snippet(s) below:&#10;&#10;@Then(&quot;send Post request with space in a product &amp; valid token&quot;)&#10;public void send_post_request_with_space_in_a_product_valid_token() {&#10;    // Write code here that turns the phrase above into concrete actions&#10;    throw new io.cucumber.java.PendingException();&#10;}&#10;@Then(&quot;validate status code of response&quot;)&#10;public void validate_status_code_of_response() {&#10;    // Write code here that turns the phrase above into concrete actions&#10;    throw new io.cucumber.java.PendingException();&#10;}&#10;@Then(&quot;validate response for space in product&quot;)&#10;public void validate_response_for_space_in_product() {&#10;    // Write code here that turns the phrase above into concrete actions&#10;    throw new io.cucumber.java.PendingException();&#10;}&#10;" type="io.cucumber.junit.UndefinedStepException"><![CDATA[io.cucumber.junit.UndefinedStepException: 
The step 'send Post request with space in a product & valid token' and 2 other step(s) are undefined.
You can implement these steps using the snippet(s) below:

@Then("send Post request with space in a product & valid token")
public void send_post_request_with_space_in_a_product_valid_token() {
    // Write code here that turns the phrase above into concrete actions
    throw new io.cucumber.java.PendingException();
}
@Then("validate status code of response")
public void validate_status_code_of_response() {
    // Write code here that turns the phrase above into concrete actions
    throw new io.cucumber.java.PendingException();
}
@Then("validate response for space in product")
public void validate_response_for_space_in_product() {
    // Write code here that turns the phrase above into concrete actions
    throw new io.cucumber.java.PendingException();
}

]]></error>
    <system-out><![CDATA[
@Battery_regi
Scenario: TC_23_Validate Battery Registration new site endpoint with space in a product by Installer user &amp#27;[90m# src/test/resources/Features/B_Registration.feature:23&amp#27;[0m
  &amp#27;[33mThen &amp#27;[0m&amp#27;[33msend Post request with space in a product & valid token&amp#27;[0m
  &amp#27;[36mAnd &amp#27;[0m&amp#27;[36mvalidate status code of response&amp#27;[0m
  &amp#27;[36mAnd &amp#27;[0m&amp#27;[36mvalidate response for space in product&amp#27;[0m
]]></system-out>
  </testcase>
  <testcase name="TC_24_Validate Battery Registration new site with all unique values" classname="Battery registration" time="0.003">
    <error message="The step &apos;send Post request with unique values &amp; valid token&apos; and 2 other step(s) are undefined.&#10;You can implement these steps using the snippet(s) below:&#10;&#10;@Then(&quot;send Post request with unique values &amp; valid token&quot;)&#10;public void send_post_request_with_unique_values_valid_token() {&#10;    // Write code here that turns the phrase above into concrete actions&#10;    throw new io.cucumber.java.PendingException();&#10;}&#10;@Then(&quot;validate status code of response&quot;)&#10;public void validate_status_code_of_response() {&#10;    // Write code here that turns the phrase above into concrete actions&#10;    throw new io.cucumber.java.PendingException();&#10;}&#10;@Then(&quot;validate response for all unique values&quot;)&#10;public void validate_response_for_all_unique_values() {&#10;    // Write code here that turns the phrase above into concrete actions&#10;    throw new io.cucumber.java.PendingException();&#10;}&#10;" type="io.cucumber.junit.UndefinedStepException"><![CDATA[io.cucumber.junit.UndefinedStepException: 
The step 'send Post request with unique values & valid token' and 2 other step(s) are undefined.
You can implement these steps using the snippet(s) below:

@Then("send Post request with unique values & valid token")
public void send_post_request_with_unique_values_valid_token() {
    // Write code here that turns the phrase above into concrete actions
    throw new io.cucumber.java.PendingException();
}
@Then("validate status code of response")
public void validate_status_code_of_response() {
    // Write code here that turns the phrase above into concrete actions
    throw new io.cucumber.java.PendingException();
}
@Then("validate response for all unique values")
public void validate_response_for_all_unique_values() {
    // Write code here that turns the phrase above into concrete actions
    throw new io.cucumber.java.PendingException();
}

]]></error>
    <system-out><![CDATA[
@Battery_regi @testa
Scenario: TC_24_Validate Battery Registration new site with all unique values &amp#27;[90m# src/test/resources/Features/B_Registration.feature:28&amp#27;[0m
  &amp#27;[33mThen &amp#27;[0m&amp#27;[33msend Post request with unique values & valid token&amp#27;[0m
  &amp#27;[36mAnd &amp#27;[0m&amp#27;[36mvalidate status code of response&amp#27;[0m
  &amp#27;[36mAnd &amp#27;[0m&amp#27;[36mvalidate response for all unique values&amp#27;[0m
]]></system-out>
  </testcase>
  <testcase name="TC_25_Validate Battery Registration new site with duplicate Product id values" classname="Battery registration" time="0.003">
    <error message="The step &apos;send Post request with duplicate Product id &amp; valid token&apos; and 2 other step(s) are undefined.&#10;You can implement these steps using the snippet(s) below:&#10;&#10;@Then(&quot;send Post request with duplicate Product id &amp; valid token&quot;)&#10;public void send_post_request_with_duplicate_product_id_valid_token() {&#10;    // Write code here that turns the phrase above into concrete actions&#10;    throw new io.cucumber.java.PendingException();&#10;}&#10;@Then(&quot;validate status code of response&quot;)&#10;public void validate_status_code_of_response() {&#10;    // Write code here that turns the phrase above into concrete actions&#10;    throw new io.cucumber.java.PendingException();&#10;}&#10;@Then(&quot;validate response with duplicate Product id&quot;)&#10;public void validate_response_with_duplicate_product_id() {&#10;    // Write code here that turns the phrase above into concrete actions&#10;    throw new io.cucumber.java.PendingException();&#10;}&#10;" type="io.cucumber.junit.UndefinedStepException"><![CDATA[io.cucumber.junit.UndefinedStepException: 
The step 'send Post request with duplicate Product id & valid token' and 2 other step(s) are undefined.
You can implement these steps using the snippet(s) below:

@Then("send Post request with duplicate Product id & valid token")
public void send_post_request_with_duplicate_product_id_valid_token() {
    // Write code here that turns the phrase above into concrete actions
    throw new io.cucumber.java.PendingException();
}
@Then("validate status code of response")
public void validate_status_code_of_response() {
    // Write code here that turns the phrase above into concrete actions
    throw new io.cucumber.java.PendingException();
}
@Then("validate response with duplicate Product id")
public void validate_response_with_duplicate_product_id() {
    // Write code here that turns the phrase above into concrete actions
    throw new io.cucumber.java.PendingException();
}

]]></error>
    <system-out><![CDATA[
@Battery_regi
Scenario: TC_25_Validate Battery Registration new site with duplicate Product id values &amp#27;[90m# src/test/resources/Features/B_Registration.feature:33&amp#27;[0m
  &amp#27;[33mThen &amp#27;[0m&amp#27;[33msend Post request with duplicate Product id & valid token&amp#27;[0m
  &amp#27;[36mAnd &amp#27;[0m&amp#27;[36mvalidate status code of response&amp#27;[0m
  &amp#27;[36mAnd &amp#27;[0m&amp#27;[36mvalidate response with duplicate Product id&amp#27;[0m
]]></system-out>
  </testcase>
  <testcase name="TC_26_Validate Battery Registration new site with duplicate Name values" classname="Battery registration" time="0.003">
    <error message="The step &apos;send Post request with duplicate Name &amp; valid token&apos; and 2 other step(s) are undefined.&#10;You can implement these steps using the snippet(s) below:&#10;&#10;@Then(&quot;send Post request with duplicate Name &amp; valid token&quot;)&#10;public void send_post_request_with_duplicate_name_valid_token() {&#10;    // Write code here that turns the phrase above into concrete actions&#10;    throw new io.cucumber.java.PendingException();&#10;}&#10;@Then(&quot;validate status code of response&quot;)&#10;public void validate_status_code_of_response() {&#10;    // Write code here that turns the phrase above into concrete actions&#10;    throw new io.cucumber.java.PendingException();&#10;}&#10;@Then(&quot;validate response with duplicate name&quot;)&#10;public void validate_response_with_duplicate_name() {&#10;    // Write code here that turns the phrase above into concrete actions&#10;    throw new io.cucumber.java.PendingException();&#10;}&#10;" type="io.cucumber.junit.UndefinedStepException"><![CDATA[io.cucumber.junit.UndefinedStepException: 
The step 'send Post request with duplicate Name & valid token' and 2 other step(s) are undefined.
You can implement these steps using the snippet(s) below:

@Then("send Post request with duplicate Name & valid token")
public void send_post_request_with_duplicate_name_valid_token() {
    // Write code here that turns the phrase above into concrete actions
    throw new io.cucumber.java.PendingException();
}
@Then("validate status code of response")
public void validate_status_code_of_response() {
    // Write code here that turns the phrase above into concrete actions
    throw new io.cucumber.java.PendingException();
}
@Then("validate response with duplicate name")
public void validate_response_with_duplicate_name() {
    // Write code here that turns the phrase above into concrete actions
    throw new io.cucumber.java.PendingException();
}

]]></error>
    <system-out><![CDATA[
@Battery_regi
Scenario: TC_26_Validate Battery Registration new site with duplicate Name values &amp#27;[90m# src/test/resources/Features/B_Registration.feature:38&amp#27;[0m
  &amp#27;[33mThen &amp#27;[0m&amp#27;[33msend Post request with duplicate Name & valid token&amp#27;[0m
  &amp#27;[36mAnd &amp#27;[0m&amp#27;[36mvalidate status code of response&amp#27;[0m
  &amp#27;[36mAnd &amp#27;[0m&amp#27;[36mvalidate response with duplicate name&amp#27;[0m
]]></system-out>
  </testcase>
  <testcase name="TC_27_Verify recently registered Battery in installation list" classname="Battery registration" time="0.002">
    <error message="The step &apos;search Post request with recently regi. product id in list endpoint&apos; and 2 other step(s) are undefined.&#10;You can implement these steps using the snippet(s) below:&#10;&#10;@Then(&quot;search Post request with recently regi. product id in list endpoint&quot;)&#10;public void search_post_request_with_recently_regi_product_id_in_list_endpoint() {&#10;    // Write code here that turns the phrase above into concrete actions&#10;    throw new io.cucumber.java.PendingException();&#10;}&#10;@Then(&quot;validate status code of response&quot;)&#10;public void validate_status_code_of_response() {&#10;    // Write code here that turns the phrase above into concrete actions&#10;    throw new io.cucumber.java.PendingException();&#10;}&#10;@Then(&quot;validate details in response of search result and set installation id global&quot;)&#10;public void validate_details_in_response_of_search_result_and_set_installation_id_global() {&#10;    // Write code here that turns the phrase above into concrete actions&#10;    throw new io.cucumber.java.PendingException();&#10;}&#10;" type="io.cucumber.junit.UndefinedStepException"><![CDATA[io.cucumber.junit.UndefinedStepException: 
The step 'search Post request with recently regi. product id in list endpoint' and 2 other step(s) are undefined.
You can implement these steps using the snippet(s) below:

@Then("search Post request with recently regi. product id in list endpoint")
public void search_post_request_with_recently_regi_product_id_in_list_endpoint() {
    // Write code here that turns the phrase above into concrete actions
    throw new io.cucumber.java.PendingException();
}
@Then("validate status code of response")
public void validate_status_code_of_response() {
    // Write code here that turns the phrase above into concrete actions
    throw new io.cucumber.java.PendingException();
}
@Then("validate details in response of search result and set installation id global")
public void validate_details_in_response_of_search_result_and_set_installation_id_global() {
    // Write code here that turns the phrase above into concrete actions
    throw new io.cucumber.java.PendingException();
}

]]></error>
    <system-out><![CDATA[
@Battery_regi @testa
Scenario: TC_27_Verify recently registered Battery in installation list            &amp#27;[90m# src/test/resources/Features/B_Registration.feature:43&amp#27;[0m
  &amp#27;[33mThen &amp#27;[0m&amp#27;[33msearch Post request with recently regi. product id in list endpoint&amp#27;[0m
  &amp#27;[36mAnd &amp#27;[0m&amp#27;[36mvalidate status code of response&amp#27;[0m
  &amp#27;[36mAnd &amp#27;[0m&amp#27;[36mvalidate details in response of search result and set installation id global&amp#27;[0m
]]></system-out>
  </testcase>
  <testcase name="TC_28_Register Ev1 on existing site" classname="Battery registration" time="0.004">
    <error message="The step &apos;send Post request with unique values &amp; to register EV1&apos; and 2 other step(s) are undefined.&#10;You can implement these steps using the snippet(s) below:&#10;&#10;@Then(&quot;send Post request with unique values &amp; to register EV1&quot;)&#10;public void send_post_request_with_unique_values_to_register_ev1() {&#10;    // Write code here that turns the phrase above into concrete actions&#10;    throw new io.cucumber.java.PendingException();&#10;}&#10;@Then(&quot;validate status code of response&quot;)&#10;public void validate_status_code_of_response() {&#10;    // Write code here that turns the phrase above into concrete actions&#10;    throw new io.cucumber.java.PendingException();&#10;}&#10;@Then(&quot;validate response for all unique values&quot;)&#10;public void validate_response_for_all_unique_values() {&#10;    // Write code here that turns the phrase above into concrete actions&#10;    throw new io.cucumber.java.PendingException();&#10;}&#10;" type="io.cucumber.junit.UndefinedStepException"><![CDATA[io.cucumber.junit.UndefinedStepException: 
The step 'send Post request with unique values & to register EV1' and 2 other step(s) are undefined.
You can implement these steps using the snippet(s) below:

@Then("send Post request with unique values & to register EV1")
public void send_post_request_with_unique_values_to_register_ev1() {
    // Write code here that turns the phrase above into concrete actions
    throw new io.cucumber.java.PendingException();
}
@Then("validate status code of response")
public void validate_status_code_of_response() {
    // Write code here that turns the phrase above into concrete actions
    throw new io.cucumber.java.PendingException();
}
@Then("validate response for all unique values")
public void validate_response_for_all_unique_values() {
    // Write code here that turns the phrase above into concrete actions
    throw new io.cucumber.java.PendingException();
}

]]></error>
    <system-out><![CDATA[
@Battery_regi
Scenario: TC_28_Register Ev1 on existing site                 &amp#27;[90m# src/test/resources/Features/B_Registration.feature:48&amp#27;[0m
  &amp#27;[33mThen &amp#27;[0m&amp#27;[33msend Post request with unique values & to register EV1&amp#27;[0m
  &amp#27;[36mAnd &amp#27;[0m&amp#27;[36mvalidate status code of response&amp#27;[0m
  &amp#27;[36mAnd &amp#27;[0m&amp#27;[36mvalidate response for all unique values&amp#27;[0m
]]></system-out>
  </testcase>
  <testcase name="TC_29_Validate Ev1 Registration existing site with duplicate Product id values" classname="Battery registration" time="0.003">
    <error message="The step &apos;send Post request with duplicate Product id &amp; valid token&apos; and 2 other step(s) are undefined.&#10;You can implement these steps using the snippet(s) below:&#10;&#10;@Then(&quot;send Post request with duplicate Product id &amp; valid token&quot;)&#10;public void send_post_request_with_duplicate_product_id_valid_token() {&#10;    // Write code here that turns the phrase above into concrete actions&#10;    throw new io.cucumber.java.PendingException();&#10;}&#10;@Then(&quot;validate status code of response&quot;)&#10;public void validate_status_code_of_response() {&#10;    // Write code here that turns the phrase above into concrete actions&#10;    throw new io.cucumber.java.PendingException();&#10;}&#10;@Then(&quot;validate response with duplicate Product id&quot;)&#10;public void validate_response_with_duplicate_product_id() {&#10;    // Write code here that turns the phrase above into concrete actions&#10;    throw new io.cucumber.java.PendingException();&#10;}&#10;" type="io.cucumber.junit.UndefinedStepException"><![CDATA[io.cucumber.junit.UndefinedStepException: 
The step 'send Post request with duplicate Product id & valid token' and 2 other step(s) are undefined.
You can implement these steps using the snippet(s) below:

@Then("send Post request with duplicate Product id & valid token")
public void send_post_request_with_duplicate_product_id_valid_token() {
    // Write code here that turns the phrase above into concrete actions
    throw new io.cucumber.java.PendingException();
}
@Then("validate status code of response")
public void validate_status_code_of_response() {
    // Write code here that turns the phrase above into concrete actions
    throw new io.cucumber.java.PendingException();
}
@Then("validate response with duplicate Product id")
public void validate_response_with_duplicate_product_id() {
    // Write code here that turns the phrase above into concrete actions
    throw new io.cucumber.java.PendingException();
}

]]></error>
    <system-out><![CDATA[
@Battery_regi
Scenario: TC_29_Validate Ev1 Registration existing site with duplicate Product id values &amp#27;[90m# src/test/resources/Features/B_Registration.feature:53&amp#27;[0m
  &amp#27;[33mThen &amp#27;[0m&amp#27;[33msend Post request with duplicate Product id & valid token&amp#27;[0m
  &amp#27;[36mAnd &amp#27;[0m&amp#27;[36mvalidate status code of response&amp#27;[0m
  &amp#27;[36mAnd &amp#27;[0m&amp#27;[36mvalidate response with duplicate Product id&amp#27;[0m
]]></system-out>
  </testcase>
  <testcase name="TC_30_Validate Ev1 Registration existing site with duplicate Name values" classname="Battery registration" time="0.004">
    <error message="The step &apos;send Post request with duplicate Name &amp; valid token&apos; and 2 other step(s) are undefined.&#10;You can implement these steps using the snippet(s) below:&#10;&#10;@Then(&quot;send Post request with duplicate Name &amp; valid token&quot;)&#10;public void send_post_request_with_duplicate_name_valid_token() {&#10;    // Write code here that turns the phrase above into concrete actions&#10;    throw new io.cucumber.java.PendingException();&#10;}&#10;@Then(&quot;validate status code of response&quot;)&#10;public void validate_status_code_of_response() {&#10;    // Write code here that turns the phrase above into concrete actions&#10;    throw new io.cucumber.java.PendingException();&#10;}&#10;@Then(&quot;validate response with duplicate name&quot;)&#10;public void validate_response_with_duplicate_name() {&#10;    // Write code here that turns the phrase above into concrete actions&#10;    throw new io.cucumber.java.PendingException();&#10;}&#10;" type="io.cucumber.junit.UndefinedStepException"><![CDATA[io.cucumber.junit.UndefinedStepException: 
The step 'send Post request with duplicate Name & valid token' and 2 other step(s) are undefined.
You can implement these steps using the snippet(s) below:

@Then("send Post request with duplicate Name & valid token")
public void send_post_request_with_duplicate_name_valid_token() {
    // Write code here that turns the phrase above into concrete actions
    throw new io.cucumber.java.PendingException();
}
@Then("validate status code of response")
public void validate_status_code_of_response() {
    // Write code here that turns the phrase above into concrete actions
    throw new io.cucumber.java.PendingException();
}
@Then("validate response with duplicate name")
public void validate_response_with_duplicate_name() {
    // Write code here that turns the phrase above into concrete actions
    throw new io.cucumber.java.PendingException();
}

]]></error>
    <system-out><![CDATA[
@Battery_regi
Scenario: TC_30_Validate Ev1 Registration existing site with duplicate Name values &amp#27;[90m# src/test/resources/Features/B_Registration.feature:58&amp#27;[0m
  &amp#27;[33mThen &amp#27;[0m&amp#27;[33msend Post request with duplicate Name & valid token&amp#27;[0m
  &amp#27;[36mAnd &amp#27;[0m&amp#27;[36mvalidate status code of response&amp#27;[0m
  &amp#27;[36mAnd &amp#27;[0m&amp#27;[36mvalidate response with duplicate name&amp#27;[0m
]]></system-out>
  </testcase>
  <testcase name="TC_29_Verify recently registered EV1 in installation list" classname="Battery registration" time="0.005">
    <error message="The step &apos;search Post request with recently regi. product ids in list endpoint&apos; and 2 other step(s) are undefined.&#10;You can implement these steps using the snippet(s) below:&#10;&#10;@Then(&quot;search Post request with recently regi. product ids in list endpoint&quot;)&#10;public void search_post_request_with_recently_regi_product_ids_in_list_endpoint() {&#10;    // Write code here that turns the phrase above into concrete actions&#10;    throw new io.cucumber.java.PendingException();&#10;}&#10;@Then(&quot;validate status code of response&quot;)&#10;public void validate_status_code_of_response() {&#10;    // Write code here that turns the phrase above into concrete actions&#10;    throw new io.cucumber.java.PendingException();&#10;}&#10;@Then(&quot;validate details in response of search result and set installation id global&quot;)&#10;public void validate_details_in_response_of_search_result_and_set_installation_id_global() {&#10;    // Write code here that turns the phrase above into concrete actions&#10;    throw new io.cucumber.java.PendingException();&#10;}&#10;" type="io.cucumber.junit.UndefinedStepException"><![CDATA[io.cucumber.junit.UndefinedStepException: 
The step 'search Post request with recently regi. product ids in list endpoint' and 2 other step(s) are undefined.
You can implement these steps using the snippet(s) below:

@Then("search Post request with recently regi. product ids in list endpoint")
public void search_post_request_with_recently_regi_product_ids_in_list_endpoint() {
    // Write code here that turns the phrase above into concrete actions
    throw new io.cucumber.java.PendingException();
}
@Then("validate status code of response")
public void validate_status_code_of_response() {
    // Write code here that turns the phrase above into concrete actions
    throw new io.cucumber.java.PendingException();
}
@Then("validate details in response of search result and set installation id global")
public void validate_details_in_response_of_search_result_and_set_installation_id_global() {
    // Write code here that turns the phrase above into concrete actions
    throw new io.cucumber.java.PendingException();
}

]]></error>
    <system-out><![CDATA[
@Battery_regi
Scenario: TC_29_Verify recently registered EV1 in installation list                &amp#27;[90m# src/test/resources/Features/B_Registration.feature:63&amp#27;[0m
  &amp#27;[33mThen &amp#27;[0m&amp#27;[33msearch Post request with recently regi. product ids in list endpoint&amp#27;[0m
  &amp#27;[36mAnd &amp#27;[0m&amp#27;[36mvalidate status code of response&amp#27;[0m
  &amp#27;[36mAnd &amp#27;[0m&amp#27;[36mvalidate details in response of search result and set installation id global&amp#27;[0m
]]></system-out>
  </testcase>
</testsuite>